
[2K[1G[1myarn run v1.22.19[22m
[2K[1G[2m$ next build[22m
   [1m[38;2;173;127;168m▲ Next.js 15.1.3[39m[22m

 [37m[1m [22m[39m Creating an optimized production build ...
Generated 1 documents in .contentlayer

[1m[33mwarn[39m[22m - Your `content` configuration includes a pattern which looks like it's accidentally matching all of `node_modules` and can cause serious performance issues.
[1m[33mwarn[39m[22m - Pattern: `../fatcn-ui/**/*.ts`
[1m[33mwarn[39m[22m - See our documentation for recommendations:
[1m[33mwarn[39m[22m - https://tailwindcss.com/docs/content-configuration#pattern-recommendations
 [32m[1m✓[22m[39m Compiled successfully
[?25l [37m[1m [22m[39m Linting and checking validity of types  [36m.[39m[2K[1G[1A[2K[1G [37m[1m [22m[39m Linting and checking validity of types  [36m..[39m[2K[1G[1A[2K[1G [37m[1m [22m[39m Linting and checking validity of types  [36m...[39m[2K[1G[1A[2K[1G [37m[1m [22m[39m Linting and checking validity of types  [36m.[39m[2K[1G[1A[2K[1G [37m[1m [22m[39m Linting and checking validity of types  [36m..[39m[2K[1G[1A[2K[1G [37m[1m [22m[39m Linting and checking validity of types  [36m...[39m[2K[1G[1A[2K[1G [37m[1m [22m[39m Linting and checking validity of types  [36m.[39m[2K[1G[1A[2K[1G[?25h
./app/_components/mdx-components.tsx
295:15  Warning: 'className' is defined but never used. Allowed unused args must match /^_/u.  @typescript-eslint/no-unused-vars

./app/layout.tsx
12:9  Warning: 'router' is assigned a value but never used.  @typescript-eslint/no-unused-vars

./app/page.tsx
26:9  Warning: 'router' is assigned a value but never used.  @typescript-eslint/no-unused-vars

./lib/rehypeComponent.ts
113:12  Warning: 'getComponentSourceFileContent' is defined but never used.  @typescript-eslint/no-unused-vars

info  - Need to disable some ESLint rules? Learn more here: https://nextjs.org/docs/app/api-reference/config/eslint#disabling-rules
[?25l [36m.[39m [2K[1G [36m..[39m [2K[1G[?25h    [32m[1m✓[22m[39m Linting and checking validity of types 
[?25l [37m[1m [22m[39m Collecting page data  [36m.[39m[2K[1G[1A[2K[1G [37m[1m [22m[39m Collecting page data  [36m..[39m[2K[1G[1A[2K[1G[?25h [37m[1m [22m[39m Collecting page data     [32m[1m✓[22m[39m Collecting page data 
[?25l [37m[1m [22m[39m Generating static pages (0/5)  [36m[    ][39m[2K[1G[1A[2K[1G [37m[1m [22m[39m Generating static pages (0/5)  [36m[=   ][39m[2K[1G[1A[2K[1G[?25h [32m[1m✓[22m[39m Generating static pages (5/5)
[?25l [37m[1m [22m[39m Finalizing page optimization  [36m.[39m[?25l [37m[1m [22m[39m Collecting build traces  [36m.[39m[2K[1G[1A[2K[1G[?25h [37m[1m [22m[39m Collecting build traces     [32m[1m✓[22m[39m Collecting build traces 
[2K[1G[1A[2K[1G[?25h [37m[1m [22m[39m Finalizing page optimization     [32m[1m✓[22m[39m Finalizing page optimization 

[4mRoute (app)[24m                              [4mSize[24m     [4mFirst Load JS[24m
┌ ○ /                                    8.89 kB         [37m[1m164 kB[22m[39m
├ ○ /_not-found                          981 B           [37m[1m106 kB[22m[39m
└ ƒ /docs/[...slug]                      5.35 kB         [37m[1m161 kB[22m[39m
+ First Load JS shared by all            [37m[1m105 kB[22m[39m
  ├ chunks/855-983a484732e31bc1.js       50.5 kB
  ├ chunks/87c73c54-2181b418f0f87348.js  52.9 kB
  └ other shared chunks (total)          1.92 kB


○  (Static)   prerendered as static content
ƒ  (Dynamic)  server-rendered on demand

[?25h[2K[1G✨  Done in 16.75s.
